Block 1
=====================
{0;[(0,Marcus,John,58);(1,Eason,Francis,77);(2,Ken,Eason,52);(3,John,Monty,11);(4,Francis,Ken,19);(5,John,Marcus,118);(6,Gregory,Cindy,200);(7,Beatrice,Hannna,48);(8,Ken,Thomas,106);(9,Hannna,Monty,100);(10,John,Harry,160);(11,Eason,Monty,85);(12,Beatrice,Anna,40);(13,Hannna,Harry,78);(14,Monty,Elizabeth,33);(15,Francis,Adrian,4);(16,James,Ken,55);(17,Beatrice,Cindy,54);(18,Harry,Samuel,36);(19,Peter,Francis,67);(20,Francis,Diana,194)];1729601756.3923035;d2dc3255fe1e3185881284d4a9e0375828deb8602e3c2077a9fedebbf629c843}+0000000000000000000000000000000000000000000000000000000000140b36}
Block 2
=====================
{1;[(21,Eason,Elizabeth,169);(22,Francis,Thomas,174);(23,Francis,Diana,96);(24,Beatrice,Ken,35);(25,Elizabeth,Anna,49);(26,Harry,Anna,179);(27,Peter,Hannna,188);(28,Adrian,Beatrice,178);(29,Diana,Hannna,103);(30,Thomas,Cindy,31);(31,Diana,Peter,179);(32,Hannna,Cindy,94);(33,Anna,Samuel,37);(34,John,Beatrice,69);(35,Marcus,Harry,165);(36,Ken,Cindy,169);(37,Elizabeth,Diana,37);(38,Monty,James,86);(39,Cindy,Peter,64);(40,Eason,Gregory,199);(41,Samuel,James,183)];1729601757.086161;ff29e7db4480ef84a86d974adfec10c351d0113054a4c432debf3c14d1ee25f9}+000000000000000000000000000000000000000000000000000000000001564b}
Block 3
=====================
{2;[(42,Cindy,Adrian,12);(43,Gregory,Eason,132);(44,John,Beatrice,62);(45,James,Ken,54);(46,Ken,Cindy,127);(47,Francis,Eason,77);(48,Gregory,Francis,13);(49,Adrian,Elizabeth,191);(50,John,Peter,75);(51,Ken,Adrian,16);(52,Marcus,Cindy,191);(53,Francis,Monty,153);(54,Elizabeth,Eason,43);(55,Francis,James,125);(56,Cindy,Beatrice,150);(57,Beatrice,Peter,57);(58,James,Cindy,179);(59,Thomas,Ken,62);(60,Marcus,Thomas,109);(61,Elizabeth,Monty,100);(62,James,Gregory,153)];1729601757.1346512;beab32000de03fc77e551ebb67995c27c3d1f6432d8e064a7c6f239f02b88dbe}+000000000000000000000000000000000000000000000000000000000002ba20}
Block 4
=====================
{3;[(63,Elizabeth,Cindy,125);(64,Hannna,Adrian,129);(65,James,Samuel,164);(66,John,Anna,97);(67,Harry,Monty,16);(68,Beatrice,Samuel,31);(69,James,Diana,156);(70,Monty,Adrian,151);(71,Marcus,Ken,49);(72,Marcus,Anna,70);(73,Hannna,Samuel,16);(74,Hannna,Diana,33);(75,Ken,Adrian,166);(76,Ken,John,166);(77,Gregory,Adrian,8);(78,Hannna,Eason,97);(79,Thomas,Monty,31);(80,Cindy,Elizabeth,63);(81,Monty,Elizabeth,111);(82,Beatrice,Francis,195);(83,Beatrice,Marcus,195)];1729601757.2334154;7ef80bb5e0b63e12189caad2072642d065ceeb5f28ba85f4fccbc6f2f1516a80}+0000000000000000000000000000000000000000000000000000000000038c82}
Block 5
=====================
{4;[(84,Eason,Adrian,72);(85,Samuel,Elizabeth,58);(86,Gregory,Thomas,36);(87,Cindy,Ken,175);(88,John,Hannna,12);(89,Hannna,Eason,66);(90,James,Elizabeth,35);(91,Monty,Diana,165);(92,Marcus,Diana,90);(93,Cindy,James,166);(94,Peter,Anna,34);(95,Eason,Ken,62);(96,Samuel,Elizabeth,97);(97,Diana,Thomas,121);(98,Cindy,Elizabeth,63);(99,Thomas,Anna,21);(100,Elizabeth,Ken,71);(101,Hannna,Harry,38);(102,James,Beatrice,179);(103,Eason,Beatrice,123);(104,Harry,Monty,4)];1729601757.3619397;383fb1c703bdcae1bf8b94123b8d005e44df2492b20074dc723a9aa23bf1e6a1}+00000000000000000000000000000000000000000000000000000000000efa89}
Block 6
=====================
{5;[(105,Adrian,Anna,100);(106,Samuel,Anna,25);(107,Elizabeth,Eason,116);(108,Anna,John,134);(109,Adrian,Diana,179);(110,Samuel,Monty,151);(111,Beatrice,Elizabeth,105);(112,Hannna,Beatrice,128);(113,Francis,Peter,160);(114,Beatrice,Anna,112);(115,Thomas,Beatrice,115);(116,Samuel,Anna,145);(117,Peter,Harry,141);(118,Monty,Eason,148);(119,Diana,John,8);(120,Elizabeth,Eason,78);(121,Cindy,Marcus,161);(122,Cindy,Anna,101);(123,Cindy,Elizabeth,192);(124,Elizabeth,Marcus,54);(125,Eason,Adrian,72)];1729601757.9088898;672323ed0e3b30f3e4ea0943e95340c3bf0b8d0dfd5c07d112f98bd2d597a296}+000000000000000000000000000000000000000000000000000000000002b9f3}
Block 7
=====================
{6;[(126,Beatrice,Francis,78);(127,Monty,Diana,139);(128,Francis,Marcus,135);(129,Thomas,Gregory,144);(130,Harry,Eason,158);(131,Gregory,Marcus,71);(132,Elizabeth,Samuel,199);(133,Ken,Harry,177);(134,Elizabeth,Beatrice,97);(135,Cindy,Thomas,185);(136,James,Cindy,13);(137,James,Thomas,37);(138,Eason,Cindy,159);(139,Monty,Gregory,24);(140,Elizabeth,Anna,81);(141,Samuel,Marcus,159);(142,Anna,Samuel,17);(143,Adrian,Ken,2);(144,Samuel,Thomas,13);(145,Beatrice,Harry,2);(146,Francis,Harry,74)];1729601758.0112984;07c3c0383bb7e49b624f56deabdc55f7185817693abecc41e29cdaf98850324f}+0000000000000000000000000000000000000000000000000000000000035743}
Block 8
=====================
{7;[(147,Adrian,Francis,20);(148,Adrian,Diana,27);(149,Harry,Cindy,89);(150,Marcus,Ken,2);(151,James,Harry,3);(152,Eason,Harry,61);(153,Elizabeth,Diana,43);(154,Francis,Thomas,150);(155,Thomas,Cindy,3);(156,Eason,John,64);(157,Ken,Samuel,48);(158,Anna,Hannna,177);(159,Diana,Gregory,187);(160,Francis,James,119);(161,Peter,Adrian,185);(162,Peter,Marcus,60);(163,Monty,Ken,95);(164,Peter,Harry,89);(165,Adrian,Anna,60);(166,Marcus,Hannna,59);(167,Ken,Anna,65)];1729601758.1336083;8c0ffb24d0faa869033742fdbc2b8528fd11b1f5f892b624679ea695d79632bf}+00000000000000000000000000000000000000000000000000000000000af6f1}
Block 9
=====================
{8;[(168,Beatrice,Anna,177);(169,Monty,Ken,84);(170,Anna,Peter,38);(171,Gregory,Anna,103);(172,Monty,Beatrice,72);(173,John,Gregory,127);(174,Monty,Beatrice,161);(175,James,Gregory,167);(176,Marcus,Thomas,170);(177,Beatrice,Ken,117);(178,Diana,John,180);(179,James,John,168);(180,Eason,Adrian,158);(181,Adrian,Anna,178);(182,Elizabeth,Ken,187);(183,Diana,Marcus,20);(184,Marcus,Hannna,191);(185,Peter,Hannna,78);(186,Samuel,Hannna,151);(187,Samuel,Hannna,81);(188,Anna,Thomas,148)];1729601758.5307899;37335c13da1efa834a54996c32bb05abcac08ad4a960f641a40009c6c5b972b4}+00000000000000000000000000000000000000000000000000000000001153a5}
Block 1
=====================
{0;[(0,Adrian,Marcus,200);(1,Hannna,Cindy,175);(2,Peter,Anna,44);(3,Beatrice,Monty,156);(4,Harry,Marcus,71);(5,Cindy,Samuel,27);(6,Ken,Peter,154);(7,Thomas,Cindy,12);(8,Elizabeth,Diana,141);(9,Thomas,Elizabeth,7);(10,Eason,Hannna,79);(11,Anna,Peter,185);(12,Elizabeth,Harry,35);(13,John,Francis,26);(14,Marcus,Anna,129);(15,Francis,Adrian,71);(16,Eason,Beatrice,72);(17,Peter,Cindy,108);(18,Elizabeth,Marcus,72);(19,Thomas,Hannna,138);(20,Gregory,Thomas,150)];1729601771.624434;c5bf77ba461cdab521af484ca95a3025faa0d183c317ca88cb813551bba39fcd}+000000000000000000000000000000000000000000000000000000000021981e}
Block 2
=====================
{1;[(21,Cindy,Diana,120);(22,Monty,Diana,164);(23,Thomas,Marcus,99);(24,Eason,Thomas,86);(25,Monty,Cindy,43);(26,Cindy,Diana,13);(27,Gregory,Cindy,87);(28,Beatrice,Monty,122);(29,Gregory,Harry,90);(30,Samuel,Peter,22);(31,Peter,Thomas,96);(32,Peter,Beatrice,121);(33,John,Adrian,53);(34,Beatrice,Hannna,118);(35,Francis,Hannna,117);(36,Elizabeth,Francis,200);(37,John,Eason,5);(38,Beatrice,Peter,146);(39,Thomas,Samuel,27);(40,Samuel,Hannna,182);(41,Thomas,Eason,40)];1729601772.8724055;6e6e173af641dfbe7e6ee76cea0bbe5bc4e57f36b68e0abe540475fcd13f8993}+00000000000000000000000000000000000000000000000000000000002bd562}
Block 3
=====================
{2;[(42,Elizabeth,Thomas,180);(43,James,Marcus,79);(44,Hannna,Adrian,49);(45,Elizabeth,Harry,118);(46,Eason,Gregory,32);(47,Anna,Samuel,134);(48,Elizabeth,Beatrice,99);(49,Elizabeth,Diana,104);(50,Gregory,Diana,31);(51,Francis,Eason,190);(52,Eason,John,10);(53,Gregory,Anna,22);(54,Cindy,John,63);(55,Elizabeth,Thomas,174);(56,Beatrice,Adrian,76);(57,Beatrice,Samuel,180);(58,James,Beatrice,159);(59,Cindy,Francis,81);(60,Adrian,John,70);(61,Diana,Gregory,10);(62,Ken,Monty,102)];1729601774.4643672;78c649f2a189929154fb550b49527d2585088ef580d772eb6d76392fd5f1e5b7}+0000000000000000000000000000000000000000000000000000000000157532}
Block 4
=====================
{3;[(63,Gregory,Harry,17);(64,Gregory,Diana,143);(65,Peter,Eason,91);(66,Ken,Peter,127);(67,Samuel,Ken,178);(68,Hannna,Gregory,82);(69,Thomas,Gregory,17);(70,Peter,Thomas,84);(71,Cindy,Eason,45);(72,Thomas,Monty,35);(73,Monty,Elizabeth,52);(74,Samuel,Thomas,153);(75,Marcus,Cindy,80);(76,Harry,Samuel,31);(77,Beatrice,Thomas,65);(78,Cindy,Hannna,107);(79,Francis,Monty,48);(80,Hannna,Cindy,97);(81,Francis,Harry,114);(82,John,Hannna,105);(83,Samuel,Monty,178)];1729601775.242695;d2fdf0f321d07db98bd219a4abaa89dcf5a3583f70958e8b47927a43739959bd}+00000000000000000000000000000000000000000000000000000000000c0d3d}
Block 5
=====================
{4;[(84,Gregory,Elizabeth,75);(85,Marcus,Hannna,82);(86,Gregory,Samuel,11);(87,Cindy,Anna,99);(88,James,Samuel,189);(89,Cindy,Monty,175);(90,Thomas,Elizabeth,114);(91,Harry,James,135);(92,John,Adrian,72);(93,Beatrice,Eason,103);(94,Elizabeth,Hannna,110);(95,Elizabeth,Gregory,59);(96,Marcus,Francis,36);(97,Harry,Cindy,48);(98,Marcus,Adrian,35);(99,Beatrice,Samuel,8);(100,Hannna,Beatrice,144);(101,Hannna,Anna,137);(102,Francis,Marcus,154);(103,Anna,Adrian,126);(104,Peter,Eason,50)];1729601775.6806905;ae7fdeb2e41f37a1ee8518601601f3d53e7c988d41536ed258d14c7acff29909}+000000000000000000000000000000000000000000000000000000000015ed47}
Block 6
=====================
{5;[(105,Monty,Samuel,164);(106,Anna,John,78);(107,James,Monty,149);(108,Francis,Eason,20);(109,Eason,Ken,89);(110,Adrian,Francis,50);(111,James,Eason,31);(112,Cindy,Francis,179);(113,Adrian,Hannna,25);(114,Diana,Eason,117);(115,Thomas,Elizabeth,157);(116,Marcus,Peter,176);(117,John,Marcus,135);(118,James,Gregory,80);(119,Monty,Marcus,171);(120,Ken,Samuel,82);(121,John,Thomas,55);(122,Thomas,Anna,45);(123,Samuel,Cindy,70);(124,Samuel,Peter,77);(125,Ken,Thomas,173)];1729601776.4802518;4f643fc89f3e84e231b187f97e9866f87b30c84cbe000d82a4b0b3adbefb876e}+000000000000000000000000000000000000000000000000000000000006f3a3}
Block 7
=====================
{6;[(126,Cindy,Diana,61);(127,Elizabeth,Harry,77);(128,Harry,Francis,70);(129,Monty,James,141);(130,Ken,Diana,84);(131,Monty,Hannna,111);(132,Marcus,Adrian,41);(133,Eason,Monty,22);(134,Beatrice,Marcus,41);(135,Eason,Elizabeth,188);(136,Hannna,Eason,187);(137,Gregory,Elizabeth,1);(138,Eason,Monty,29);(139,Monty,Diana,157);(140,Eason,Monty,191);(141,Eason,Beatrice,175);(142,Cindy,Diana,163);(143,Cindy,Harry,187);(144,Elizabeth,Gregory,21);(145,Diana,Monty,170);(146,Francis,Marcus,50)];1729601776.7393582;b576d0106d8612acbe997dd8ef57fa161e138fabf57d8721f09287f2bdce9cac}+000000000000000000000000000000000000000000000000000000000003ebff}
Block 8
=====================
{7;[(147,Marcus,Samuel,45);(148,Elizabeth,Marcus,96);(149,Samuel,Eason,139);(150,Beatrice,Cindy,23);(151,Harry,Elizabeth,133);(152,Harry,Francis,82);(153,Samuel,James,45);(154,Eason,Samuel,52);(155,Cindy,James,70);(156,Francis,Hannna,40);(157,John,Adrian,187);(158,Monty,Marcus,9);(159,Adrian,Peter,89);(160,Harry,Peter,37);(161,Cindy,Hannna,36);(162,Beatrice,Monty,33);(163,Gregory,Hannna,44);(164,Beatrice,Elizabeth,172);(165,James,Monty,98);(166,Hannna,Gregory,27);(167,Samuel,Marcus,158)];1729601776.8807178;982901095196255d6cac2735d533aba613570214216e369e8b97686607bb7048}+00000000000000000000000000000000000000000000000000000000000f3e76}
Block 9
=====================
{8;[(168,Marcus,Adrian,147);(169,Marcus,Anna,147);(170,Francis,Thomas,193);(171,Ken,Cindy,134);(172,John,Marcus,74);(173,Cindy,Adrian,115);(174,John,Gregory,145);(175,Beatrice,Elizabeth,16);(176,Harry,Eason,14);(177,Francis,Elizabeth,161);(178,John,Eason,76);(179,Hannna,Peter,26);(180,Gregory,Ken,136);(181,Ken,Peter,15);(182,Hannna,Elizabeth,176);(183,Diana,Francis,145);(184,John,Eason,98);(185,Francis,Monty,125);(186,Ken,Hannna,149);(187,Hannna,Adrian,150);(188,Cindy,Harry,6)];1729601777.430801;0c8ce188eca262808cf32e218c4bf946def4a27701729d967187ead7d072439c}+0000000000000000000000000000000000000000000000000000000000180590}
Block 10
=====================
{9;[(189,Diana,Harry,13);(190,Cindy,Hannna,27);(191,Thomas,Gregory,149);(192,Harry,Ken,40);(193,Cindy,Beatrice,99);(194,Ken,Elizabeth,39);(195,Gregory,Ken,47);(196,Cindy,Elizabeth,133);(197,Hannna,Eason,2);(198,Francis,Diana,36);(199,Diana,Ken,174);(200,Harry,Thomas,24);(201,Anna,Gregory,49);(202,Beatrice,John,173);(203,Ken,Gregory,73);(204,Hannna,Ken,173);(205,Beatrice,Diana,74);(206,Beatrice,Eason,43);(207,Ken,Thomas,140);(208,Francis,Anna,186);(209,Cindy,Adrian,93)];1729601778.3024123;84c0b32284d16680b5e2f4a6d0491d4135aa036abcdb549ba87f0c50dacc4385}+0000000000000000000000000000000000000000000000000000000000003ced}
Block 11
=====================
{10;[(210,Hannna,Cindy,32);(211,Hannna,Eason,60);(212,Eason,Francis,74);(213,Elizabeth,Diana,195);(214,Hannna,Eason,83);(215,Ken,Cindy,168);(216,Samuel,Gregory,161);(217,Harry,Monty,138);(218,Gregory,Francis,157);(219,Adrian,Elizabeth,157);(220,Harry,Eason,44);(221,Ken,Monty,31);(222,Samuel,Diana,176);(223,Elizabeth,Eason,86);(224,Thomas,Gregory,62);(225,Adrian,Gregory,86);(226,Beatrice,Gregory,36);(227,Eason,Samuel,54);(228,John,Elizabeth,88);(229,Diana,Ken,3);(230,Monty,Eason,144)];1729601778.3111696;3575d5a009665a941244dcf3c600b53b579e2e2231b938fe9b349b539bb02cc6}+00000000000000000000000000000000000000000000000000000000000035ee}
Block 12
=====================
{11;[(231,James,Ken,26);(232,Elizabeth,Ken,186);(233,Anna,Ken,35);(234,John,Francis,106);(235,Ken,Elizabeth,27);(236,Hannna,Beatrice,142);(237,Adrian,Hannna,40);(238,Peter,Beatrice,169);(239,Thomas,James,110);(240,Thomas,Cindy,70);(241,Elizabeth,John,92);(242,Elizabeth,Diana,60);(243,Samuel,Cindy,14);(244,Gregory,Harry,137);(245,Anna,Diana,58);(246,Anna,Thomas,78);(247,Hannna,Anna,120);(248,Gregory,Peter,134);(249,Francis,Thomas,120);(250,Beatrice,James,22);(251,Ken,John,181)];1729601778.318932;f7fe588168e4027758bffcb5db6aa21a5718a7f55d8ec81a399225d15188d753}+0000000000000000000000000000000000000000000000000000000000117e96}
Block 13
=====================
{12;[(252,Thomas,John,104);(253,Peter,Beatrice,10);(254,Diana,Thomas,3);(255,Marcus,Samuel,68);(256,Marcus,Monty,63);(257,Elizabeth,Peter,77);(258,Cindy,Diana,63);(259,Thomas,Eason,133);(260,Thomas,Hannna,96);(261,Marcus,James,147);(262,James,Marcus,65);(263,Gregory,Harry,63);(264,Adrian,Peter,73);(265,Elizabeth,Samuel,17);(266,Gregory,Eason,190);(267,Hannna,Thomas,76);(268,Marcus,James,135);(269,Beatrice,Marcus,185);(270,Francis,Eason,75);(271,Eason,Monty,105);(272,Thomas,Ken,28)];1729601778.9612548;a85835f61023d99e98bff633f9285c04a7bbb9ab74421eafe6afd1dff9d087fa}+000000000000000000000000000000000000000000000000000000000020d863}
Block 14
=====================
{13;[(273,Harry,Adrian,189);(274,Diana,Monty,19);(275,Monty,Beatrice,92);(276,Hannna,Elizabeth,195);(277,Samuel,Monty,127);(278,Harry,Eason,22);(279,Peter,Harry,199);(280,Ken,Thomas,141);(281,James,Cindy,130);(282,James,Marcus,69);(283,Hannna,Elizabeth,9);(284,Elizabeth,Harry,29);(285,Gregory,Ken,192);(286,James,Marcus,60);(287,Diana,Marcus,37);(288,Cindy,Monty,42);(289,Gregory,Elizabeth,67);(290,Anna,Beatrice,188);(291,John,Ken,72);(292,Hannna,Francis,51);(293,Adrian,Peter,130)];1729601780.146637;87ca93dda7804c79ccf1502bd223eafdb880ec05176003d702fc68f40f438da0}+0000000000000000000000000000000000000000000000000000000000181e56}
Block 15
=====================
{14;[(294,Ken,Harry,95);(295,Anna,John,174);(296,Beatrice,Monty,52);(297,Beatrice,Monty,55);(298,Elizabeth,Adrian,170);(299,Elizabeth,Beatrice,65);(300,Diana,Hannna,174);(301,Cindy,Harry,200);(302,Francis,Harry,108);(303,Diana,Marcus,127);(304,Marcus,Adrian,69);(305,Marcus,Ken,139);(306,Thomas,Diana,75);(307,Francis,James,84);(308,James,Peter,66);(309,Elizabeth,Hannna,33);(310,Ken,Marcus,14);(311,Ken,Beatrice,45);(312,Gregory,Thomas,132);(313,Peter,Samuel,37);(314,Beatrice,Monty,122)];1729601781.017437;ea6be16d8a9e3a8df9f0458128cf5dda7605ac8b82151a668b524ee2fdbcfa3c}+00000000000000000000000000000000000000000000000000000000000b4f05}
Block 16
=====================
{15;[(315,James,Gregory,189);(316,Eason,Cindy,52);(317,Adrian,Harry,107);(318,Eason,Monty,10);(319,Adrian,Anna,183);(320,Marcus,Adrian,178);(321,Cindy,Anna,180);(322,Eason,Peter,132);(323,Elizabeth,Francis,78);(324,Diana,Ken,68);(325,Adrian,Ken,40);(326,Cindy,Francis,194);(327,Diana,John,70);(328,Marcus,Gregory,141);(329,Ken,Hannna,97);(330,John,Beatrice,14);(331,Cindy,Adrian,8);(332,Thomas,Anna,10);(333,Eason,Beatrice,190);(334,Gregory,Marcus,38);(335,Cindy,Diana,107)];1729601781.4253411;32687a704b22548dc2c2ac006da825e476f67a2278d28013ff35c62093da093a}+000000000000000000000000000000000000000000000000000000000007e3df}
Block 17
=====================
{16;[(336,Monty,Harry,64);(337,Samuel,Francis,144);(338,Marcus,Anna,4);(339,Adrian,Thomas,125);(340,Anna,Eason,170);(341,Thomas,Eason,80);(342,Elizabeth,James,32);(343,Adrian,Thomas,41);(344,Elizabeth,Hannna,112);(345,Gregory,Diana,72);(346,Gregory,Adrian,110);(347,Adrian,Peter,56);(348,Cindy,Eason,179);(349,Adrian,Marcus,148);(350,Adrian,Monty,168);(351,Eason,Diana,161);(352,Peter,Diana,52);(353,James,Cindy,83);(354,Francis,Peter,181);(355,Beatrice,Gregory,122);(356,Marcus,James,153)];1729601781.7122412;8fbbface3da6712334bb86b4096d7bf0d06e5e1825cc98495b256b11899e7666}+0000000000000000000000000000000000000000000000000000000000019108}
Block 18
=====================
{17;[(357,Hannna,Harry,58);(358,Anna,Diana,106);(359,John,Gregory,25);(360,Anna,John,197);(361,James,Thomas,129);(362,Elizabeth,Anna,180);(363,Thomas,Anna,117);(364,Francis,John,92);(365,John,Marcus,15);(366,Francis,Harry,64);(367,Peter,Adrian,140);(368,Ken,Francis,186);(369,Hannna,Gregory,183);(370,Anna,Hannna,152);(371,Beatrice,Cindy,17);(372,Peter,Harry,41);(373,Marcus,Anna,55);(374,John,Cindy,147);(375,Samuel,Diana,116);(376,Samuel,James,81);(377,Ken,Samuel,124)];1729601781.7691464;582b1dc4b02aef347880ecb723344d8058f636b9c2706c18a5bfa3e894da50b4}+00000000000000000000000000000000000000000000000000000000001ae8cb}
Block 19
=====================
{18;[(378,Hannna,Samuel,11);(379,Eason,Thomas,198);(380,Francis,Ken,91);(381,Diana,Anna,11);(382,Peter,Beatrice,74);(383,Diana,Cindy,174);(384,James,Peter,44);(385,Beatrice,Hannna,74);(386,Francis,Eason,122);(387,Samuel,Gregory,118);(388,Hannna,Monty,64);(389,Gregory,Anna,81);(390,Peter,Beatrice,13);(391,Gregory,John,120);(392,Diana,Thomas,200);(393,Monty,Gregory,20);(394,Thomas,Elizabeth,61);(395,Gregory,Eason,197);(396,Hannna,Ken,152);(397,Harry,Diana,141);(398,Anna,Elizabeth,2)];1729601782.7411394;71dc7729adee94bc36c86798bd8eb228756e9245b42480c67ca7c9a1b57c8e76}+000000000000000000000000000000000000000000000000000000000006b080}
Block 20
=====================
{19;[(399,John,Elizabeth,79);(400,James,Gregory,81);(401,Samuel,Hannna,67);(402,Anna,Hannna,61);(403,Anna,Diana,147);(404,Harry,Gregory,186);(405,Thomas,Samuel,133);(406,Adrian,Diana,122);(407,Marcus,Francis,195);(408,Thomas,Marcus,57);(409,John,Marcus,182);(410,Thomas,Harry,49);(411,Elizabeth,Harry,63);(412,Anna,Adrian,153);(413,Beatrice,John,115);(414,Hannna,Thomas,99);(415,Elizabeth,Peter,21);(416,Hannna,Cindy,157);(417,John,Ken,10);(418,Peter,Elizabeth,109);(419,Marcus,Thomas,127)];1729601782.9843557;4b5ebee4a129487ec57b3dc9352984abe41b6285a443ba7a7e9c1b460bc2b18c}+00000000000000000000000000000000000000000000000000000000001cc3b7}
Block 21
=====================
{20;[(420,Monty,Samuel,85);(421,Samuel,Francis,193);(422,Diana,Peter,59);(423,Francis,Anna,31);(424,Cindy,James,71);(425,Harry,Gregory,178);(426,Harry,Peter,121);(427,Harry,John,147);(428,John,Elizabeth,141);(429,Monty,Peter,158);(430,Beatrice,Eason,74);(431,Francis,Beatrice,175);(432,Anna,Eason,111);(433,John,Hannna,179);(434,Thomas,Eason,193);(435,Diana,Cindy,45);(436,Diana,Monty,61);(437,Adrian,Francis,12);(438,Peter,Elizabeth,109);(439,Marcus,Eason,31);(440,Hannna,Samuel,121)];1729601784.0230644;cdd564c0e6f53299cdb2353d4410515e810fafbbf59355f484944b9e684f8f6a}+0000000000000000000000000000000000000000000000000000000000136246}
Block 22
=====================
{21;[(441,Cindy,Hannna,55);(442,James,Monty,82);(443,Anna,Marcus,132);(444,Elizabeth,Gregory,101);(445,Monty,Elizabeth,11);(446,Elizabeth,Monty,178);(447,Elizabeth,Francis,80);(448,Harry,Francis,99);(449,Marcus,Beatrice,39);(450,James,Marcus,60);(451,John,Harry,24);(452,Gregory,Hannna,80);(453,Francis,Hannna,84);(454,James,Gregory,90);(455,Eason,Monty,115);(456,Samuel,Cindy,119);(457,Cindy,Elizabeth,194);(458,Anna,Eason,35);(459,Gregory,Harry,139);(460,Marcus,Diana,181);(461,John,Eason,154)];1729601784.726459;7e83850166e574d632659d3b470bdc2dfe7fde3e074128c86407e22e70ba0d66}+000000000000000000000000000000000000000000000000000000000000efc3}
Block 23
=====================
{22;[(462,Gregory,James,128);(463,Thomas,John,131);(464,Harry,Cindy,164);(465,Peter,Harry,90);(466,Marcus,Elizabeth,108);(467,Eason,Peter,130);(468,Hannna,John,114);(469,Gregory,Adrian,35);(470,Peter,Cindy,193);(471,Elizabeth,Samuel,76);(472,John,Cindy,184);(473,Elizabeth,Harry,45);(474,Diana,Beatrice,169);(475,Beatrice,Thomas,75);(476,Francis,John,83);(477,Hannna,Marcus,67);(478,Monty,Thomas,46);(479,Ken,Harry,127);(480,Gregory,Eason,45);(481,Beatrice,James,76);(482,Peter,Cindy,63)];1729601784.7602866;88b704ad730c53d3ed4efc50d74320eee1222edc9c81753aedf7dca23fbe9dbe}+00000000000000000000000000000000000000000000000000000000000bb24b}
Block 24
=====================
{23;[(483,Adrian,Marcus,4);(484,Adrian,James,105);(485,Gregory,John,123);(486,Gregory,Marcus,98);(487,John,Hannna,47);(488,Gregory,Ken,166);(489,Gregory,Monty,83);(490,Francis,Diana,172);(491,Gregory,Eason,119);(492,John,Samuel,32);(493,Ken,Anna,189);(494,Gregory,Elizabeth,36);(495,Samuel,Hannna,100);(496,Thomas,Adrian,94);(497,Anna,Gregory,28);(498,Cindy,Francis,35);(499,Monty,Thomas,179);(500,Marcus,Peter,195);(501,Harry,Hannna,146);(502,Harry,Cindy,192);(503,Hannna,Gregory,78)];1729601785.1833756;f052998b3aaedc2f9bc50d870e0687fd37d80cec7d7357043a73a3b27fc9b00d}+00000000000000000000000000000000000000000000000000000000000151b8}
Block 25
=====================
{24;[(504,John,Anna,163);(505,Beatrice,Harry,17);(506,John,Anna,136);(507,James,Thomas,49);(508,Francis,Gregory,14);(509,Samuel,Peter,107);(510,Ken,Adrian,106);(511,Francis,Harry,87);(512,Hannna,Monty,136);(513,Ken,Adrian,29);(514,Harry,Francis,129);(515,James,Cindy,168);(516,Cindy,Eason,53);(517,Anna,Francis,107);(518,Thomas,Francis,131);(519,Hannna,Beatrice,178);(520,Monty,Marcus,13);(521,Adrian,Diana,79);(522,Diana,Cindy,145);(523,Cindy,Samuel,174);(524,Peter,Hannna,58)];1729601785.2318015;1e3e57abd20ec0cc382c5da25f48cc0781c37cd70aaa17a38930d112b53e5038}+00000000000000000000000000000000000000000000000000000000000644e5}
Block 0
=====================
{0;[(0,Anna,Hannna,57);(1,Gregory,Anna,24);(2,Diana,Eason,161);(3,Beatrice,Francis,34);(4,Ken,Hannna,126);(5,John,Samuel,186);(6,Monty,Samuel,26);(7,John,Gregory,31);(8,Harry,Adrian,181);(9,Thomas,Harry,169);(10,Elizabeth,Anna,50);(11,Elizabeth,Beatrice,54);(12,Adrian,Gregory,26);(13,Thomas,Ken,52);(14,Anna,Marcus,142);(15,Marcus,Harry,15);(16,John,Gregory,78);(17,John,Elizabeth,87);(18,Francis,Thomas,108);(19,Samuel,James,172);(20,Eason,Adrian,26)];1729601846.8714194;f8da8b3ae701a621d578addfc55fb9bd5d7bdbcdafdf1b9189b5e347332c89a0}+000000000000000000000000000000000000000000000000000000000002ff69}
Block 1
=====================
{1;[(21,Peter,Ken,140);(22,Cindy,Gregory,86);(23,Cindy,Peter,16);(24,Eason,Monty,18);(25,Elizabeth,Peter,51);(26,John,Elizabeth,39);(27,Thomas,Cindy,166);(28,Monty,Eason,95);(29,Anna,Harry,12);(30,John,Thomas,97);(31,Ken,Adrian,67);(32,Marcus,Beatrice,197);(33,Diana,Eason,153);(34,James,Harry,3);(35,Adrian,Peter,117);(36,James,Thomas,150);(37,Samuel,Harry,155);(38,Cindy,Gregory,159);(39,Monty,Peter,195);(40,Monty,Thomas,91);(41,Samuel,Gregory,132)];1729601846.9811769;17f986d97dae500582127cef3fd4aa268b00b937805d4651d6c79d9df6d18278}+000000000000000000000000000000000000000000000000000000000016c409}
Block 2
=====================
{2;[(42,Samuel,James,123);(43,Adrian,Diana,118);(44,Monty,Marcus,159);(45,Diana,Adrian,64);(46,James,Hannna,122);(47,Thomas,James,12);(48,John,Peter,73);(49,Eason,Cindy,118);(50,Elizabeth,Gregory,62);(51,Thomas,Anna,125);(52,Thomas,Eason,79);(53,Monty,Eason,195);(54,Cindy,Elizabeth,54);(55,Thomas,Francis,19);(56,Diana,Marcus,140);(57,John,Harry,184);(58,Peter,Francis,78);(59,Peter,Samuel,44);(60,Cindy,Hannna,1);(61,Gregory,Anna,134);(62,Gregory,Ken,8)];1729601847.8131137;0169983562c8d02aae69962ac64366153034e00cabf97f2f8182e6f987c2c825}+000000000000000000000000000000000000000000000000000000000002d41d}
Block 3
=====================
{3;[(63,Elizabeth,Adrian,31);(64,Marcus,Francis,109);(65,Francis,Samuel,162);(66,Hannna,Gregory,66);(67,Francis,Samuel,191);(68,Peter,Beatrice,108);(69,James,Marcus,65);(70,Beatrice,Francis,44);(71,Harry,Cindy,176);(72,Monty,James,25);(73,Harry,Diana,133);(74,Gregory,Ken,88);(75,Thomas,Hannna,59);(76,Diana,Ken,95);(77,Samuel,Adrian,191);(78,Gregory,Samuel,47);(79,Elizabeth,Diana,119);(80,Thomas,Hannna,118);(81,Elizabeth,John,166);(82,Elizabeth,Hannna,7);(83,Francis,Anna,14)];1729601847.9164248;fa481dc358aef1aa7f10c537ac3eb656494c73e47ca2f6fd59ef05982a4e8d62}+00000000000000000000000000000000000000000000000000000000000d8a7b}
Block 0
=====================
{0;[(0,Beatrice,John,117);(1,Samuel,Ken,14);(2,Peter,Hannna,96);(3,Peter,John,27);(4,Peter,Elizabeth,146);(5,Hannna,Adrian,38);(6,Thomas,Eason,6);(7,Elizabeth,Ken,23);(8,Elizabeth,Samuel,190);(9,Thomas,Marcus,141);(10,Eason,Monty,148);(11,Harry,James,178);(12,Gregory,Peter,193);(13,Anna,Diana,35);(14,Anna,Francis,97);(15,Elizabeth,Hannna,60);(16,Harry,Francis,150);(17,Cindy,Marcus,33);(18,Marcus,Ken,29);(19,Monty,Beatrice,111);(20,Monty,James,32)];1729601856.6019766;ab8ba4f3fced92d7500a89e7c19a8b68ec767a2b782a3432922499a03dd14453}+000000000000000000000000000000000000000000000000000000000002256f}
Block 1
=====================
{1;[(21,Diana,Monty,38);(22,Peter,Francis,143);(23,James,Harry,10);(24,Gregory,Adrian,55);(25,Thomas,Anna,118);(26,John,Eason,76);(27,Ken,Eason,3);(28,Ken,John,110);(29,Eason,Harry,48);(30,Eason,Cindy,171);(31,Francis,Gregory,120);(32,Gregory,Hannna,3);(33,Hannna,Anna,132);(34,Peter,Harry,178);(35,Francis,Harry,165);(36,Eason,Marcus,52);(37,Beatrice,Marcus,161);(38,Samuel,James,197);(39,Beatrice,Monty,58);(40,Thomas,Diana,176);(41,Eason,Ken,51)];1729601856.680913;5375ced800294fc31d035f8e9e9ef03ca503046835a1c5e993c14c7b90600c06}+00000000000000000000000000000000000000000000000000000000001bd774}
Block 0
=====================
{
    "id": 0,
    "transactions": [
        {
            "id": 0,
            "sender": "Peter",
            "receiver": "Diana",
            "amount": 154
        },
        {
            "id": 1,
            "sender": "Samuel",
            "receiver": "Anna",
            "amount": 46
        },
        {
            "id": 2,
            "sender": "Cindy",
            "receiver": "Peter",
            "amount": 175
        },
        {
            "id": 3,
            "sender": "Eason",
            "receiver": "Ken",
            "amount": 128
        },
        {
            "id": 4,
            "sender": "Harry",
            "receiver": "Marcus",
            "amount": 127
        },
        {
            "id": 5,
            "sender": "Eason",
            "receiver": "James",
            "amount": 63
        },
        {
            "id": 6,
            "sender": "Samuel",
            "receiver": "James",
            "amount": 155
        },
        {
            "id": 7,
            "sender": "Cindy",
            "receiver": "Hannna",
            "amount": 92
        },
        {
            "id": 8,
            "sender": "Samuel",
            "receiver": "Beatrice",
            "amount": 119
        },
        {
            "id": 9,
            "sender": "James",
            "receiver": "Anna",
            "amount": 99
        },
        {
            "id": 10,
            "sender": "Anna",
            "receiver": "Cindy",
            "amount": 117
        },
        {
            "id": 11,
            "sender": "Gregory",
            "receiver": "Ken",
            "amount": 146
        },
        {
            "id": 12,
            "sender": "Gregory",
            "receiver": "Harry",
            "amount": 12
        },
        {
            "id": 13,
            "sender": "Francis",
            "receiver": "Samuel",
            "amount": 121
        },
        {
            "id": 14,
            "sender": "Marcus",
            "receiver": "Elizabeth",
            "amount": 176
        },
        {
            "id": 15,
            "sender": "Cindy",
            "receiver": "Adrian",
            "amount": 182
        },
        {
            "id": 16,
            "sender": "Samuel",
            "receiver": "Hannna",
            "amount": 20
        },
        {
            "id": 17,
            "sender": "Samuel",
            "receiver": "Elizabeth",
            "amount": 50
        },
        {
            "id": 18,
            "sender": "Anna",
            "receiver": "Hannna",
            "amount": 23
        },
        {
            "id": 19,
            "sender": "Monty",
            "receiver": "John",
            "amount": 112
        },
        {
            "id": 20,
            "sender": "Cindy",
            "receiver": "Monty",
            "amount": 127
        }
    ],
    "prev_hash": "WWRcBHCoWpMFsoTPPKYeneo06w2DBwXnyB3vzFu6kOg=",
    "pow": "WWRcBHCoWpMFsoTPPKYeneo06w2DBwXnyB3vzFu6kOg=",
    "timestamp": 1729601869.8636038
}
Block 1
=====================
{
    "id": 1,
    "transactions": [
        {
            "id": 21,
            "sender": "Cindy",
            "receiver": "Eason",
            "amount": 2
        },
        {
            "id": 22,
            "sender": "James",
            "receiver": "Ken",
            "amount": 136
        },
        {
            "id": 23,
            "sender": "Beatrice",
            "receiver": "Monty",
            "amount": 184
        },
        {
            "id": 24,
            "sender": "Diana",
            "receiver": "Ken",
            "amount": 43
        },
        {
            "id": 25,
            "sender": "Harry",
            "receiver": "Marcus",
            "amount": 165
        },
        {
            "id": 26,
            "sender": "Anna",
            "receiver": "Monty",
            "amount": 117
        },
        {
            "id": 27,
            "sender": "James",
            "receiver": "Thomas",
            "amount": 94
        },
        {
            "id": 28,
            "sender": "Cindy",
            "receiver": "Marcus",
            "amount": 7
        },
        {
            "id": 29,
            "sender": "Marcus",
            "receiver": "Diana",
            "amount": 111
        },
        {
            "id": 30,
            "sender": "James",
            "receiver": "Elizabeth",
            "amount": 97
        },
        {
            "id": 31,
            "sender": "Elizabeth",
            "receiver": "Harry",
            "amount": 50
        },
        {
            "id": 32,
            "sender": "Thomas",
            "receiver": "Eason",
            "amount": 134
        },
        {
            "id": 33,
            "sender": "Adrian",
            "receiver": "Diana",
            "amount": 56
        },
        {
            "id": 34,
            "sender": "Anna",
            "receiver": "Peter",
            "amount": 47
        },
        {
            "id": 35,
            "sender": "Ken",
            "receiver": "Eason",
            "amount": 131
        },
        {
            "id": 36,
            "sender": "Monty",
            "receiver": "Thomas",
            "amount": 182
        },
        {
            "id": 37,
            "sender": "Harry",
            "receiver": "Marcus",
            "amount": 72
        },
        {
            "id": 38,
            "sender": "John",
            "receiver": "Peter",
            "amount": 23
        },
        {
            "id": 39,
            "sender": "Diana",
            "receiver": "Harry",
            "amount": 107
        },
        {
            "id": 40,
            "sender": "Harry",
            "receiver": "Marcus",
            "amount": 174
        },
        {
            "id": 41,
            "sender": "Cindy",
            "receiver": "James",
            "amount": 61
        }
    ],
    "prev_hash": "Idz3d3aOLIkFlcFCzvCBHQwl9pqAJbZn5DUTSwge1/0=",
    "pow": "Idz3d3aOLIkFlcFCzvCBHQwl9pqAJbZn5DUTSwge1/0=",
    "timestamp": 1729601870.2107322
}
Block 2
=====================
{
    "id": 2,
    "transactions": [
        {
            "id": 42,
            "sender": "Francis",
            "receiver": "Anna",
            "amount": 114
        },
        {
            "id": 43,
            "sender": "Gregory",
            "receiver": "Marcus",
            "amount": 148
        },
        {
            "id": 44,
            "sender": "Eason",
            "receiver": "Samuel",
            "amount": 123
        },
        {
            "id": 45,
            "sender": "Thomas",
            "receiver": "Monty",
            "amount": 50
        },
        {
            "id": 46,
            "sender": "Gregory",
            "receiver": "Ken",
            "amount": 132
        },
        {
            "id": 47,
            "sender": "Gregory",
            "receiver": "Samuel",
            "amount": 72
        },
        {
            "id": 48,
            "sender": "Gregory",
            "receiver": "Peter",
            "amount": 178
        },
        {
            "id": 49,
            "sender": "Adrian",
            "receiver": "Marcus",
            "amount": 194
        },
        {
            "id": 50,
            "sender": "Diana",
            "receiver": "Elizabeth",
            "amount": 12
        },
        {
            "id": 51,
            "sender": "Eason",
            "receiver": "Thomas",
            "amount": 199
        },
        {
            "id": 52,
            "sender": "John",
            "receiver": "Marcus",
            "amount": 186
        },
        {
            "id": 53,
            "sender": "Anna",
            "receiver": "Elizabeth",
            "amount": 94
        },
        {
            "id": 54,
            "sender": "Marcus",
            "receiver": "Thomas",
            "amount": 142
        },
        {
            "id": 55,
            "sender": "Thomas",
            "receiver": "Harry",
            "amount": 154
        },
        {
            "id": 56,
            "sender": "Marcus",
            "receiver": "Samuel",
            "amount": 101
        },
        {
            "id": 57,
            "sender": "Harry",
            "receiver": "Elizabeth",
            "amount": 47
        },
        {
            "id": 58,
            "sender": "Beatrice",
            "receiver": "Harry",
            "amount": 126
        },
        {
            "id": 59,
            "sender": "Adrian",
            "receiver": "Harry",
            "amount": 141
        },
        {
            "id": 60,
            "sender": "Ken",
            "receiver": "Beatrice",
            "amount": 184
        },
        {
            "id": 61,
            "sender": "James",
            "receiver": "Beatrice",
            "amount": 116
        },
        {
            "id": 62,
            "sender": "Hannna",
            "receiver": "Harry",
            "amount": 77
        }
    ],
    "prev_hash": "S2iJJcKMa00B2/X3sVPJPp1nWAOyDIHjyY+QpKJM7eY=",
    "pow": "S2iJJcKMa00B2/X3sVPJPp1nWAOyDIHjyY+QpKJM7eY=",
    "timestamp": 1729601870.572112
}
Block 3
=====================
{
    "id": 3,
    "transactions": [
        {
            "id": 63,
            "sender": "Diana",
            "receiver": "Francis",
            "amount": 82
        },
        {
            "id": 64,
            "sender": "Thomas",
            "receiver": "Elizabeth",
            "amount": 183
        },
        {
            "id": 65,
            "sender": "Harry",
            "receiver": "Anna",
            "amount": 185
        },
        {
            "id": 66,
            "sender": "Cindy",
            "receiver": "Samuel",
            "amount": 76
        },
        {
            "id": 67,
            "sender": "Cindy",
            "receiver": "Eason",
            "amount": 38
        },
        {
            "id": 68,
            "sender": "Eason",
            "receiver": "Cindy",
            "amount": 26
        },
        {
            "id": 69,
            "sender": "Anna",
            "receiver": "Eason",
            "amount": 151
        },
        {
            "id": 70,
            "sender": "Marcus",
            "receiver": "Ken",
            "amount": 8
        },
        {
            "id": 71,
            "sender": "Monty",
            "receiver": "James",
            "amount": 20
        },
        {
            "id": 72,
            "sender": "Beatrice",
            "receiver": "James",
            "amount": 49
        },
        {
            "id": 73,
            "sender": "Monty",
            "receiver": "James",
            "amount": 167
        },
        {
            "id": 74,
            "sender": "Thomas",
            "receiver": "Marcus",
            "amount": 149
        },
        {
            "id": 75,
            "sender": "Cindy",
            "receiver": "Gregory",
            "amount": 29
        },
        {
            "id": 76,
            "sender": "Gregory",
            "receiver": "James",
            "amount": 134
        },
        {
            "id": 77,
            "sender": "Elizabeth",
            "receiver": "Hannna",
            "amount": 64
        },
        {
            "id": 78,
            "sender": "Gregory",
            "receiver": "Monty",
            "amount": 141
        },
        {
            "id": 79,
            "sender": "Beatrice",
            "receiver": "James",
            "amount": 129
        },
        {
            "id": 80,
            "sender": "James",
            "receiver": "Francis",
            "amount": 76
        },
        {
            "id": 81,
            "sender": "Samuel",
            "receiver": "Francis",
            "amount": 43
        },
        {
            "id": 82,
            "sender": "Ken",
            "receiver": "Elizabeth",
            "amount": 11
        },
        {
            "id": 83,
            "sender": "Peter",
            "receiver": "Eason",
            "amount": 15
        }
    ],
    "prev_hash": "JhHCvMr2OMjCUJKzu1933zVF/6nthtrOs1vpp9q7UqU=",
    "pow": "JhHCvMr2OMjCUJKzu1933zVF/6nthtrOs1vpp9q7UqU=",
    "timestamp": 1729601870.5844111
}
